<?xml version="1.0" encoding="UTF-8"?>
<!-- Generated by org.testng.reporters.JUnitReportReporter -->
<testsuite skipped="0" hostname="psslass11153-System-Product-Name" name="Framework.TestingFramework.test.FusionLoginLogoutTest" tests="1" failures="0" timestamp="06 Dec 2017 10:40:34 GMT" time="15.305" errors="0">
  <testcase name="LoginToFusion" time="15.305" classname="Framework.TestingFramework.test.FusionLoginLogoutTest"/>
</testsuite> <!-- Framework.TestingFramework.test.FusionLoginLogoutTest -->
