<?xml version="1.0" encoding="UTF-8"?>
<!-- Generated by org.testng.reporters.JUnitReportReporter -->
<testsuite skipped="0" hostname="psslass11153-System-Product-Name" name="Framework.TestingFramework.methods.DataProvider" tests="4" failures="0" timestamp="17 Sep 2018 10:59:02 GMT" time="0.016" errors="0">
  <testcase name="testDataprovider3" time="0.001" classname="Framework.TestingFramework.methods.DataProvider"/>
  <testcase name="testDataprovider3" time="0.002" classname="Framework.TestingFramework.methods.DataProvider"/>
  <testcase name="testDataprovider2" time="0.002" classname="Framework.TestingFramework.methods.DataProvider"/>
  <testcase name="testDataprovider2" time="0.011" classname="Framework.TestingFramework.methods.DataProvider"/>
</testsuite> <!-- Framework.TestingFramework.methods.DataProvider -->
