<?xml version="1.0" encoding="UTF-8"?>
<!-- Generated by org.testng.reporters.JUnitReportReporter -->
<testsuite skipped="0" hostname="psslass11153-System-Product-Name" name="Framework.TestingFramework.test.FeedbackTest" tests="2" failures="0" timestamp="04 Jun 2018 11:09:55 GMT" time="200.092" errors="0">
  <testcase name="RaiseApproveRejectFeed" time="80.751" classname="Framework.TestingFramework.test.FeedbackTest"/>
  <testcase name="DuplicateFeedback" time="119.341" classname="Framework.TestingFramework.test.FeedbackTest"/>
</testsuite> <!-- Framework.TestingFramework.test.FeedbackTest -->
