<?xml version="1.0" encoding="UTF-8"?>
<!-- Generated by org.testng.reporters.JUnitReportReporter -->
<testsuite skipped="0" hostname="psslass11153-System-Product-Name" name="Framework.TestingFramework.test.RequisitionTest" tests="5" failures="0" timestamp="19 Sep 2018 11:55:07 GMT" time="789.499" errors="0">
  <testcase name="Create_Approve_Reject_Requisition" time="298.262" classname="Framework.TestingFramework.test.RequisitionTest"/>
  <testcase name="Assign_OpenForRefferal_Requisition" time="166.339" classname="Framework.TestingFramework.test.RequisitionTest"/>
  <testcase name="Delete_Requisition" time="106.673" classname="Framework.TestingFramework.test.RequisitionTest"/>
  <testcase name="TagCandidate_Requisition" time="96.203" classname="Framework.TestingFramework.test.RequisitionTest"/>
  <testcase name="Copy_Requisition" time="122.022" classname="Framework.TestingFramework.test.RequisitionTest"/>
</testsuite> <!-- Framework.TestingFramework.test.RequisitionTest -->
