<?xml version="1.0" encoding="UTF-8"?>
<!-- Generated by org.testng.reporters.JUnitReportReporter -->
<testsuite skipped="0" hostname="Anuj-PC" name="Framework.TestingFramework.test.GoogleHomePageTest" tests="1" failures="0" timestamp="16 Sep 2017 10:34:35 GMT" time="17.565" errors="0">
  <testcase name="verifyGooglePageTittle" time="17.565" classname="Framework.TestingFramework.test.GoogleHomePageTest"/>
</testsuite> <!-- Framework.TestingFramework.test.GoogleHomePageTest -->
