<?xml version="1.0" encoding="UTF-8"?>
<!-- Generated by org.testng.reporters.JUnitReportReporter -->
<testsuite skipped="0" hostname="psslass11153-System-Product-Name" name="Framework.TestingFramework.test.FeedbackTest" tests="1" failures="0" timestamp="31 May 2018 06:52:23 GMT" time="111.870" errors="0">
  <testcase name="DuplicateFeedback" time="111.870" classname="Framework.TestingFramework.test.FeedbackTest"/>
</testsuite> <!-- Framework.TestingFramework.test.FeedbackTest -->
