<?xml version="1.0" encoding="UTF-8"?>
<!-- Generated by org.testng.reporters.JUnitReportReporter -->
<testsuite skipped="1" hostname="psslass11153-System-Product-Name" name="Framework.TestingFramework.test.DataProviderTest" tests="4" failures="0" timestamp="18 Sep 2018 07:17:56 GMT" time="0.020" errors="0">
  <testcase name="test3" time="0.002" classname="Framework.TestingFramework.test.DataProviderTest"/>
  <testcase name="test1" time="0.016" classname="Framework.TestingFramework.test.DataProviderTest"/>
  <testcase name="test2" time="0.002" classname="Framework.TestingFramework.test.DataProviderTest"/>
  <testcase name="test4" classname="Framework.TestingFramework.test.DataProviderTest">
    <skipped/>
  </testcase> <!-- test4 -->
</testsuite> <!-- Framework.TestingFramework.test.DataProviderTest -->
