<?xml version="1.0" encoding="UTF-8"?>
<!-- Generated by org.testng.reporters.JUnitReportReporter -->
<testsuite skipped="0" hostname="psslass11153-System-Product-Name" name="Framework.TestingFramework.test.InterviewCalendarTest" tests="1" failures="0" timestamp="10 Aug 2018 13:44:28 GMT" time="44.745" errors="0">
  <testcase name="TagCandidate_Requisition" time="44.745" classname="Framework.TestingFramework.test.InterviewCalendarTest"/>
</testsuite> <!-- Framework.TestingFramework.test.InterviewCalendarTest -->
