<?xml version="1.0" encoding="UTF-8"?>
<!-- Generated by org.testng.reporters.JUnitReportReporter -->
<testsuite skipped="0" hostname="psslass11153-System-Product-Name" name="Framework.TestingFramework.test.SchedulingTest" tests="1" failures="0" timestamp="11 Jul 2018 14:08:52 GMT" time="76.447" errors="0">
  <testcase name="TagCandidate_Requisition" time="76.447" classname="Framework.TestingFramework.test.SchedulingTest"/>
</testsuite> <!-- Framework.TestingFramework.test.SchedulingTest -->
