<?xml version="1.0" encoding="UTF-8"?>
<!-- Generated by org.testng.reporters.JUnitReportReporter -->
<testsuite skipped="0" hostname="psslass11153-System-Product-Name" name="Framework.TestingFramework.test.FillDSRTest" tests="22" failures="0" timestamp="08 Jan 2018 09:18:49 GMT" time="468.826" errors="0">
  <testcase name="fillDsr" time="21.605" classname="Framework.TestingFramework.test.FillDSRTest"/>
  <testcase name="fillDsr" time="21.588" classname="Framework.TestingFramework.test.FillDSRTest"/>
  <testcase name="fillDsr" time="22.459" classname="Framework.TestingFramework.test.FillDSRTest"/>
  <testcase name="fillDsr" time="18.679" classname="Framework.TestingFramework.test.FillDSRTest"/>
  <testcase name="fillDsr" time="21.900" classname="Framework.TestingFramework.test.FillDSRTest"/>
  <testcase name="fillDsr" time="17.451" classname="Framework.TestingFramework.test.FillDSRTest"/>
  <testcase name="fillDsr" time="22.822" classname="Framework.TestingFramework.test.FillDSRTest"/>
  <testcase name="fillDsr" time="23.396" classname="Framework.TestingFramework.test.FillDSRTest"/>
  <testcase name="fillDsr" time="21.595" classname="Framework.TestingFramework.test.FillDSRTest"/>
  <testcase name="fillDsr" time="23.378" classname="Framework.TestingFramework.test.FillDSRTest"/>
  <testcase name="fillDsr" time="21.529" classname="Framework.TestingFramework.test.FillDSRTest"/>
  <testcase name="fillDsr" time="23.535" classname="Framework.TestingFramework.test.FillDSRTest"/>
  <testcase name="fillDsr" time="17.851" classname="Framework.TestingFramework.test.FillDSRTest"/>
  <testcase name="fillDsr" time="22.561" classname="Framework.TestingFramework.test.FillDSRTest"/>
  <testcase name="fillDsr" time="22.601" classname="Framework.TestingFramework.test.FillDSRTest"/>
  <testcase name="fillDsr" time="17.129" classname="Framework.TestingFramework.test.FillDSRTest"/>
  <testcase name="fillDsr" time="21.687" classname="Framework.TestingFramework.test.FillDSRTest"/>
  <testcase name="fillDsr" time="21.514" classname="Framework.TestingFramework.test.FillDSRTest"/>
  <testcase name="fillDsr" time="21.695" classname="Framework.TestingFramework.test.FillDSRTest"/>
  <testcase name="fillDsr" time="22.078" classname="Framework.TestingFramework.test.FillDSRTest"/>
  <testcase name="fillDsr" time="19.267" classname="Framework.TestingFramework.test.FillDSRTest"/>
  <testcase name="fillDsr" time="22.506" classname="Framework.TestingFramework.test.FillDSRTest"/>
</testsuite> <!-- Framework.TestingFramework.test.FillDSRTest -->
