<?xml version="1.0" encoding="UTF-8"?>
<!-- Generated by org.testng.reporters.JUnitReportReporter -->
<testsuite skipped="0" hostname="psslass11153-System-Product-Name" name="Framework.TestingFramework.test.UploadTest" tests="1" failures="0" timestamp="23 Jul 2018 09:53:24 GMT" time="94.030" errors="0">
  <testcase name="TagCandidate_To_Requisition" time="94.030" classname="Framework.TestingFramework.test.UploadTest"/>
</testsuite> <!-- Framework.TestingFramework.test.UploadTest -->
