<?xml version="1.0" encoding="UTF-8"?>
<!-- Generated by org.testng.reporters.JUnitReportReporter -->
<testsuite skipped="0" hostname="psslass11153-System-Product-Name" name="Framework.TestingFramework.methods.MiFlashSale" tests="1" failures="0" timestamp="25 Oct 2018 09:21:13 GMT" time="5.390" errors="0">
  <testcase name="flashSale" time="5.390" classname="Framework.TestingFramework.methods.MiFlashSale"/>
</testsuite> <!-- Framework.TestingFramework.methods.MiFlashSale -->
