<?xml version="1.0" encoding="UTF-8"?>
<!-- Generated by org.testng.reporters.JUnitReportReporter -->
<testsuite skipped="0" hostname="psslass11153-System-Product-Name" name="Framework.TestingFramework.test.RMSFlowTest" tests="1" failures="0" timestamp="26 Sep 2018 09:40:28 GMT" time="426.078" errors="0">
  <testcase name="RMSFlow_Test" time="426.078" classname="Framework.TestingFramework.test.RMSFlowTest"/>
</testsuite> <!-- Framework.TestingFramework.test.RMSFlowTest -->
