<?xml version="1.0" encoding="UTF-8"?>
<!-- Generated by org.testng.reporters.JUnitReportReporter -->
<testsuite skipped="0" hostname="psslass11153-System-Product-Name" name="Framework.TestingFramework.test.vendorHomeTest" tests="1" failures="0" timestamp="23 Aug 2018 10:07:28 GMT" time="339.225" errors="0">
  <testcase name="Vendor_Registration" time="339.225" classname="Framework.TestingFramework.test.vendorHomeTest"/>
</testsuite> <!-- Framework.TestingFramework.test.vendorHomeTest -->
